<?xml version="1.0" encoding="UTF-8"?>
<!-- Generated by org.testng.reporters.JUnitReportReporter -->
<testsuite hostname="IN-PG02A7W0" failures="0" tests="4" name="com.Selenium.Assignment.TestCases.FlightBookingTest" time="60.449" errors="0" timestamp="2023-04-11T21:26:57 IST" skipped="0">
  <testcase classname="com.Selenium.Assignment.TestCases.FlightBookingTest" name="FLightBookings" time="12.395"/>
  <system-out/>
  <testcase classname="com.Selenium.Assignment.TestCases.FlightBookingTest" name="FLightBookings1" time="19.729"/>
  <system-out/>
  <testcase classname="com.Selenium.Assignment.TestCases.FlightBookingTest" name="Hotels" time="14.448"/>
  <system-out/>
  <testcase classname="com.Selenium.Assignment.TestCases.FlightBookingTest" name="HolidayPackage" time="13.877"/>
  <system-out/>
</testsuite> <!-- com.Selenium.Assignment.TestCases.FlightBookingTest -->
