<?xml version="1.0" encoding="UTF-8"?>
<!-- Generated by org.testng.reporters.JUnitReportReporter -->
<testsuite hostname="IN-PG02A7W0" failures="0" tests="1" name="com.Selenium.Assignment.TestCases.TopDealsTest" time="9.599" errors="0" timestamp="2023-04-11T21:26:57 IST" skipped="0">
  <testcase classname="com.Selenium.Assignment.TestCases.TopDealsTest" name="TopDealss" time="9.599"/>
  <system-out/>
</testsuite> <!-- com.Selenium.Assignment.TestCases.TopDealsTest -->
